0 info it worked if it ends with ok
1 verbose cli [ 'node', '/home/drake/.node/bin/npm', 'run', 'server' ]
2 info using npm@2.12.0
3 info using node@v0.12.0
4 verbose run-script [ 'preserver', 'server', 'postserver' ]
5 info preserver learn-backbone-by-doing@0.0.1
6 info server learn-backbone-by-doing@0.0.1
7 verbose unsafe-perm in lifecycle true
8 info learn-backbone-by-doing@0.0.1 Failed to exec server script
9 verbose stack Error: learn-backbone-by-doing@0.0.1 server: `json-server --port=4000 --watch db.json`
9 verbose stack Exit status 1
9 verbose stack     at EventEmitter.<anonymous> (/home/drake/.node/lib/node_modules/npm/lib/utils/lifecycle.js:213:16)
9 verbose stack     at EventEmitter.emit (events.js:110:17)
9 verbose stack     at ChildProcess.<anonymous> (/home/drake/.node/lib/node_modules/npm/lib/utils/spawn.js:24:14)
9 verbose stack     at ChildProcess.emit (events.js:110:17)
9 verbose stack     at maybeClose (child_process.js:1008:16)
9 verbose stack     at Process.ChildProcess._handle.onexit (child_process.js:1080:5)
10 verbose pkgid learn-backbone-by-doing@0.0.1
11 verbose cwd /home/drake/Projects/learn-Backbone-by-doing
12 error Linux 3.13.0-62-generic
13 error argv "node" "/home/drake/.node/bin/npm" "run" "server"
14 error node v0.12.0
15 error npm  v2.12.0
16 error code ELIFECYCLE
17 error learn-backbone-by-doing@0.0.1 server: `json-server --port=4000 --watch db.json`
17 error Exit status 1
18 error Failed at the learn-backbone-by-doing@0.0.1 server script 'json-server --port=4000 --watch db.json'.
18 error This is most likely a problem with the learn-backbone-by-doing package,
18 error not with npm itself.
18 error Tell the author that this fails on your system:
18 error     json-server --port=4000 --watch db.json
18 error You can get their info via:
18 error     npm owner ls learn-backbone-by-doing
18 error There is likely additional logging output above.
19 verbose exit [ 1, true ]
